<?xml version="1.0" encoding="UTF-8"?>
<testng-results ignored="0" total="1" passed="1" failed="0" skipped="0">
  <reporter-output>
  </reporter-output>
  <suite started-at="2019-03-24T09:24:10Z" name="Default suite" finished-at="2019-03-24T09:24:14Z" duration-ms="3613">
    <groups>
    </groups>
    <test started-at="2019-03-24T09:24:10Z" name="Default test" finished-at="2019-03-24T09:24:14Z" duration-ms="3613">
      <class name="NewTest">
        <test-method signature="gooleTest()[pri:0, instance:NewTest@3bd82cf5]" started-at="2019-03-24T05:24:10Z" name="gooleTest" finished-at="2019-03-24T05:24:14Z" duration-ms="3570" status="PASS">
          <reporter-output>
          </reporter-output>
        </test-method> <!-- gooleTest -->
      </class> <!-- NewTest -->
    </test> <!-- Default test -->
  </suite> <!-- Default suite -->
</testng-results>
